  [1m[35m (1.0ms)[0m  [1m[34mSELECT sqlite_version(*)[0m
  [1m[35m (76.8ms)[0m  [1m[35mCREATE TABLE "schema_migrations" ("version" varchar NOT NULL PRIMARY KEY)[0m
  [1m[35m (57.5ms)[0m  [1m[35mCREATE TABLE "ar_internal_metadata" ("key" varchar NOT NULL PRIMARY KEY, "value" varchar, "created_at" datetime(6) NOT NULL, "updated_at" datetime(6) NOT NULL)[0m
  [1m[35m (0.1ms)[0m  [1m[34mSELECT "schema_migrations"."version" FROM "schema_migrations" ORDER BY "schema_migrations"."version" ASC[0m
Migrating to CreateProducts (20220714153822)
  [1m[36mTRANSACTION (0.1ms)[0m  [1m[36mbegin transaction[0m
  [1m[35m (0.3ms)[0m  [1m[35mCREATE TABLE "products" ("id" integer PRIMARY KEY AUTOINCREMENT NOT NULL, "name" varchar, "created_at" datetime(6) NOT NULL, "updated_at" datetime(6) NOT NULL)[0m
  [1m[36mActiveRecord::SchemaMigration Create (0.2ms)[0m  [1m[32mINSERT INTO "schema_migrations" ("version") VALUES (?)[0m  [["version", "20220714153822"]]
  [1m[36mTRANSACTION (105.1ms)[0m  [1m[36mcommit transaction[0m
  [1m[36mActiveRecord::InternalMetadata Load (0.8ms)[0m  [1m[34mSELECT "ar_internal_metadata".* FROM "ar_internal_metadata" WHERE "ar_internal_metadata"."key" = ? LIMIT ?[0m  [["key", "environment"], ["LIMIT", 1]]
  [1m[36mTRANSACTION (0.2ms)[0m  [1m[36mbegin transaction[0m
  [1m[36mActiveRecord::InternalMetadata Create (0.2ms)[0m  [1m[32mINSERT INTO "ar_internal_metadata" ("key", "value", "created_at", "updated_at") VALUES (?, ?, ?, ?)[0m  [["key", "environment"], ["value", "development"], ["created_at", "2022-07-14 15:39:42.866645"], ["updated_at", "2022-07-14 15:39:42.866645"]]
  [1m[36mTRANSACTION (58.7ms)[0m  [1m[36mcommit transaction[0m
  [1m[35m (0.1ms)[0m  [1m[34mSELECT sqlite_version(*)[0m
  [1m[35m (0.2ms)[0m  [1m[34mSELECT "schema_migrations"."version" FROM "schema_migrations" ORDER BY "schema_migrations"."version" ASC[0m
Started GET "/" for 127.0.0.1 at 2022-07-14 12:40:23 -0300
  [1m[35m (0.5ms)[0m  [1m[34mSELECT sqlite_version(*)[0m
  [1m[35m (3.4ms)[0m  [1m[34mSELECT "schema_migrations"."version" FROM "schema_migrations" ORDER BY "schema_migrations"."version" ASC[0m
Processing by Rails::WelcomeController#index as HTML
  Rendering /usr/share/rvm/gems/ruby-2.7.0/gems/railties-6.1.6.1/lib/rails/templates/rails/welcome/index.html.erb
  Rendered /usr/share/rvm/gems/ruby-2.7.0/gems/railties-6.1.6.1/lib/rails/templates/rails/welcome/index.html.erb (Duration: 8.4ms | Allocations: 449)
Completed 200 OK in 53ms (Views: 20.0ms | ActiveRecord: 0.0ms | Allocations: 3692)


Started GET "/Products" for 127.0.0.1 at 2022-07-14 12:40:31 -0300
  
ActionController::RoutingError (No route matches [GET] "/Products"):
  
Started GET "/products_path" for 127.0.0.1 at 2022-07-14 12:41:34 -0300
  
ActionController::RoutingError (No route matches [GET] "/products_path"):
  
Started GET "/products" for 127.0.0.1 at 2022-07-14 12:41:53 -0300
Processing by ProductsController#index as HTML
  Rendering layout layouts/application.html.erb
  Rendering products/index.html.erb within layouts/application
  [1m[36mProduct Load (0.8ms)[0m  [1m[34mSELECT "products".* FROM "products"[0m
  ↳ app/views/products/index.html.erb:14
  Rendered products/index.html.erb within layouts/application (Duration: 10.2ms | Allocations: 1072)
[Webpacker] Compiling...
[Webpacker] Compilation failed:
/home/mateus/projetos/ruby/projeto_mvc/node_modules/webpack-cli/bin/cli.js:93
				throw err;
				^

Error: Cannot find module '@rails/webpacker'
    at Function.Module._resolveFilename (internal/modules/cjs/loader.js:636:15)
    at Function.Module._load (internal/modules/cjs/loader.js:562:25)
    at Module.require (internal/modules/cjs/loader.js:692:17)
    at require (/home/mateus/projetos/ruby/projeto_mvc/node_modules/v8-compile-cache/v8-compile-cache.js:159:20)
    at Object.<anonymous> (/home/mateus/projetos/ruby/projeto_mvc/config/webpack/environment.js:1:87)
    at Module._compile (/home/mateus/projetos/ruby/projeto_mvc/node_modules/v8-compile-cache/v8-compile-cache.js:192:30)
    at Object.Module._extensions..js (internal/modules/cjs/loader.js:789:10)
    at Module.load (internal/modules/cjs/loader.js:653:32)
    at tryModuleLoad (internal/modules/cjs/loader.js:593:12)
    at Function.Module._load (internal/modules/cjs/loader.js:585:3)
    at Module.require (internal/modules/cjs/loader.js:692:17)
    at require (/home/mateus/projetos/ruby/projeto_mvc/node_modules/v8-compile-cache/v8-compile-cache.js:159:20)
    at Object.<anonymous> (/home/mateus/projetos/ruby/projeto_mvc/config/webpack/development.js:3:21)
    at Module._compile (/home/mateus/projetos/ruby/projeto_mvc/node_modules/v8-compile-cache/v8-compile-cache.js:192:30)
    at Object.Module._extensions..js (internal/modules/cjs/loader.js:789:10)
    at Module.load (internal/modules/cjs/loader.js:653:32)
    at tryModuleLoad (internal/modules/cjs/loader.js:593:12)
    at Function.Module._load (internal/modules/cjs/loader.js:585:3)
    at Module.require (internal/modules/cjs/loader.js:692:17)
    at require (/home/mateus/projetos/ruby/projeto_mvc/node_modules/v8-compile-cache/v8-compile-cache.js:159:20)
    at WEBPACK_OPTIONS (/home/mateus/projetos/ruby/projeto_mvc/node_modules/webpack-cli/bin/utils/convert-argv.js:114:13)
    at requireConfig (/home/mateus/projetos/ruby/projeto_mvc/node_modules/webpack-cli/bin/utils/convert-argv.js:116:6)
    at /home/mateus/projetos/ruby/projeto_mvc/node_modules/webpack-cli/bin/utils/convert-argv.js:123:17
    at Array.forEach (<anonymous>)
    at module.exports (/home/mateus/projetos/ruby/projeto_mvc/node_modules/webpack-cli/bin/utils/convert-argv.js:121:15)
    at yargs.parse (/home/mateus/projetos/ruby/projeto_mvc/node_modules/webpack-cli/bin/cli.js:71:45)
    at Object.parse (/home/mateus/projetos/ruby/projeto_mvc/node_modules/yargs/yargs.js:576:18)
    at /home/mateus/projetos/ruby/projeto_mvc/node_modules/webpack-cli/bin/cli.js:49:8
    at Object.<anonymous> (/home/mateus/projetos/ruby/projeto_mvc/node_modules/webpack-cli/bin/cli.js:366:3)
    at Module._compile (internal/modules/cjs/loader.js:778:30)

  Rendered layout layouts/application.html.erb (Duration: 1738.5ms | Allocations: 21690)
Completed 500 Internal Server Error in 1747ms (ActiveRecord: 0.8ms | Allocations: 23184)


  
ActionView::Template::Error (Webpacker can't find application.js in /home/mateus/projetos/ruby/projeto_mvc/public/packs/manifest.json. Possible causes:
1. You want to set webpacker.yml value of compile to true for your environment
   unless you are using the `webpack -w` or the webpack-dev-server.
2. webpack has not yet re-run to reflect updates.
3. You have misconfigured Webpacker's config/webpacker.yml file.
4. Your webpack configuration is not creating a manifest.
Your manifest contains:
{
}
):
     7:     <%= csp_meta_tag %>
     8: 
     9:     <%= stylesheet_link_tag 'application', media: 'all', 'data-turbolinks-track': 'reload' %>
    10:     <%= javascript_pack_tag 'application', 'data-turbolinks-track': 'reload' %>
    11:   </head>
    12: 
    13:   <body>
  
app/views/layouts/application.html.erb:10
Started GET "/Products" for 127.0.0.1 at 2022-07-14 12:42:20 -0300
  
ActionController::RoutingError (No route matches [GET] "/Products"):
  
Started GET "/new_product_path" for 127.0.0.1 at 2022-07-14 12:43:19 -0300
  
ActionController::RoutingError (No route matches [GET] "/new_product_path"):
  
Started GET "/Products/new" for 127.0.0.1 at 2022-07-14 12:43:32 -0300
  
ActionController::RoutingError (No route matches [GET] "/Products/new"):
  
Started GET "/products/new" for 127.0.0.1 at 2022-07-14 12:43:53 -0300
Processing by ProductsController#new as HTML
  Rendering layout layouts/application.html.erb
  Rendering products/new.html.erb within layouts/application
  Rendered products/_form.html.erb (Duration: 18.5ms | Allocations: 6867)
  Rendered products/new.html.erb within layouts/application (Duration: 19.5ms | Allocations: 7219)
[Webpacker] Compiling...
[Webpacker] Compilation failed:
/home/mateus/projetos/ruby/projeto_mvc/node_modules/webpack-cli/bin/cli.js:93
				throw err;
				^

Error: Cannot find module '@rails/webpacker'
    at Function.Module._resolveFilename (internal/modules/cjs/loader.js:636:15)
    at Function.Module._load (internal/modules/cjs/loader.js:562:25)
    at Module.require (internal/modules/cjs/loader.js:692:17)
    at require (/home/mateus/projetos/ruby/projeto_mvc/node_modules/v8-compile-cache/v8-compile-cache.js:159:20)
    at Object.<anonymous> (/home/mateus/projetos/ruby/projeto_mvc/config/webpack/environment.js:1:87)
    at Module._compile (/home/mateus/projetos/ruby/projeto_mvc/node_modules/v8-compile-cache/v8-compile-cache.js:192:30)
    at Object.Module._extensions..js (internal/modules/cjs/loader.js:789:10)
    at Module.load (internal/modules/cjs/loader.js:653:32)
    at tryModuleLoad (internal/modules/cjs/loader.js:593:12)
    at Function.Module._load (internal/modules/cjs/loader.js:585:3)
    at Module.require (internal/modules/cjs/loader.js:692:17)
    at require (/home/mateus/projetos/ruby/projeto_mvc/node_modules/v8-compile-cache/v8-compile-cache.js:159:20)
    at Object.<anonymous> (/home/mateus/projetos/ruby/projeto_mvc/config/webpack/development.js:3:21)
    at Module._compile (/home/mateus/projetos/ruby/projeto_mvc/node_modules/v8-compile-cache/v8-compile-cache.js:192:30)
    at Object.Module._extensions..js (internal/modules/cjs/loader.js:789:10)
    at Module.load (internal/modules/cjs/loader.js:653:32)
    at tryModuleLoad (internal/modules/cjs/loader.js:593:12)
    at Function.Module._load (internal/modules/cjs/loader.js:585:3)
    at Module.require (internal/modules/cjs/loader.js:692:17)
    at require (/home/mateus/projetos/ruby/projeto_mvc/node_modules/v8-compile-cache/v8-compile-cache.js:159:20)
    at WEBPACK_OPTIONS (/home/mateus/projetos/ruby/projeto_mvc/node_modules/webpack-cli/bin/utils/convert-argv.js:114:13)
    at requireConfig (/home/mateus/projetos/ruby/projeto_mvc/node_modules/webpack-cli/bin/utils/convert-argv.js:116:6)
    at /home/mateus/projetos/ruby/projeto_mvc/node_modules/webpack-cli/bin/utils/convert-argv.js:123:17
    at Array.forEach (<anonymous>)
    at module.exports (/home/mateus/projetos/ruby/projeto_mvc/node_modules/webpack-cli/bin/utils/convert-argv.js:121:15)
    at yargs.parse (/home/mateus/projetos/ruby/projeto_mvc/node_modules/webpack-cli/bin/cli.js:71:45)
    at Object.parse (/home/mateus/projetos/ruby/projeto_mvc/node_modules/yargs/yargs.js:576:18)
    at /home/mateus/projetos/ruby/projeto_mvc/node_modules/webpack-cli/bin/cli.js:49:8
    at Object.<anonymous> (/home/mateus/projetos/ruby/projeto_mvc/node_modules/webpack-cli/bin/cli.js:366:3)
    at Module._compile (internal/modules/cjs/loader.js:778:30)

  Rendered layout layouts/application.html.erb (Duration: 1509.2ms | Allocations: 11964)
Completed 500 Internal Server Error in 1528ms (ActiveRecord: 1.3ms | Allocations: 14972)


  
ActionView::Template::Error (Webpacker can't find application.js in /home/mateus/projetos/ruby/projeto_mvc/public/packs/manifest.json. Possible causes:
1. You want to set webpacker.yml value of compile to true for your environment
   unless you are using the `webpack -w` or the webpack-dev-server.
2. webpack has not yet re-run to reflect updates.
3. You have misconfigured Webpacker's config/webpacker.yml file.
4. Your webpack configuration is not creating a manifest.
Your manifest contains:
{
}
):
     7:     <%= csp_meta_tag %>
     8: 
     9:     <%= stylesheet_link_tag 'application', media: 'all', 'data-turbolinks-track': 'reload' %>
    10:     <%= javascript_pack_tag 'application', 'data-turbolinks-track': 'reload' %>
    11:   </head>
    12: 
    13:   <body>
  
app/views/layouts/application.html.erb:10
Started GET "/products" for 127.0.0.1 at 2022-07-14 12:44:38 -0300
Processing by ProductsController#index as HTML
  Rendering layout layouts/application.html.erb
  Rendering products/index.html.erb within layouts/application
  [1m[36mProduct Load (0.1ms)[0m  [1m[34mSELECT "products".* FROM "products"[0m
  ↳ app/views/products/index.html.erb:14
  Rendered products/index.html.erb within layouts/application (Duration: 2.0ms | Allocations: 712)
[Webpacker] Compiling...
[Webpacker] Compilation failed:
/home/mateus/projetos/ruby/projeto_mvc/node_modules/webpack-cli/bin/cli.js:93
				throw err;
				^

Error: Cannot find module '@rails/webpacker'
    at Function.Module._resolveFilename (internal/modules/cjs/loader.js:636:15)
    at Function.Module._load (internal/modules/cjs/loader.js:562:25)
    at Module.require (internal/modules/cjs/loader.js:692:17)
    at require (/home/mateus/projetos/ruby/projeto_mvc/node_modules/v8-compile-cache/v8-compile-cache.js:159:20)
    at Object.<anonymous> (/home/mateus/projetos/ruby/projeto_mvc/config/webpack/environment.js:1:87)
    at Module._compile (/home/mateus/projetos/ruby/projeto_mvc/node_modules/v8-compile-cache/v8-compile-cache.js:192:30)
    at Object.Module._extensions..js (internal/modules/cjs/loader.js:789:10)
    at Module.load (internal/modules/cjs/loader.js:653:32)
    at tryModuleLoad (internal/modules/cjs/loader.js:593:12)
    at Function.Module._load (internal/modules/cjs/loader.js:585:3)
    at Module.require (internal/modules/cjs/loader.js:692:17)
    at require (/home/mateus/projetos/ruby/projeto_mvc/node_modules/v8-compile-cache/v8-compile-cache.js:159:20)
    at Object.<anonymous> (/home/mateus/projetos/ruby/projeto_mvc/config/webpack/development.js:3:21)
    at Module._compile (/home/mateus/projetos/ruby/projeto_mvc/node_modules/v8-compile-cache/v8-compile-cache.js:192:30)
    at Object.Module._extensions..js (internal/modules/cjs/loader.js:789:10)
    at Module.load (internal/modules/cjs/loader.js:653:32)
    at tryModuleLoad (internal/modules/cjs/loader.js:593:12)
    at Function.Module._load (internal/modules/cjs/loader.js:585:3)
    at Module.require (internal/modules/cjs/loader.js:692:17)
    at require (/home/mateus/projetos/ruby/projeto_mvc/node_modules/v8-compile-cache/v8-compile-cache.js:159:20)
    at WEBPACK_OPTIONS (/home/mateus/projetos/ruby/projeto_mvc/node_modules/webpack-cli/bin/utils/convert-argv.js:114:13)
    at requireConfig (/home/mateus/projetos/ruby/projeto_mvc/node_modules/webpack-cli/bin/utils/convert-argv.js:116:6)
    at /home/mateus/projetos/ruby/projeto_mvc/node_modules/webpack-cli/bin/utils/convert-argv.js:123:17
    at Array.forEach (<anonymous>)
    at module.exports (/home/mateus/projetos/ruby/projeto_mvc/node_modules/webpack-cli/bin/utils/convert-argv.js:121:15)
    at yargs.parse (/home/mateus/projetos/ruby/projeto_mvc/node_modules/webpack-cli/bin/cli.js:71:45)
    at Object.parse (/home/mateus/projetos/ruby/projeto_mvc/node_modules/yargs/yargs.js:576:18)
    at /home/mateus/projetos/ruby/projeto_mvc/node_modules/webpack-cli/bin/cli.js:49:8
    at Object.<anonymous> (/home/mateus/projetos/ruby/projeto_mvc/node_modules/webpack-cli/bin/cli.js:366:3)
    at Module._compile (internal/modules/cjs/loader.js:778:30)

  Rendered layout layouts/application.html.erb (Duration: 1468.2ms | Allocations: 5537)
Completed 500 Internal Server Error in 1470ms (ActiveRecord: 0.1ms | Allocations: 5849)


  
ActionView::Template::Error (Webpacker can't find application.js in /home/mateus/projetos/ruby/projeto_mvc/public/packs/manifest.json. Possible causes:
1. You want to set webpacker.yml value of compile to true for your environment
   unless you are using the `webpack -w` or the webpack-dev-server.
2. webpack has not yet re-run to reflect updates.
3. You have misconfigured Webpacker's config/webpacker.yml file.
4. Your webpack configuration is not creating a manifest.
Your manifest contains:
{
}
):
     7:     <%= csp_meta_tag %>
     8: 
     9:     <%= stylesheet_link_tag 'application', media: 'all', 'data-turbolinks-track': 'reload' %>
    10:     <%= javascript_pack_tag 'application', 'data-turbolinks-track': 'reload' %>
    11:   </head>
    12: 
    13:   <body>
  
app/views/layouts/application.html.erb:10
Started GET "/" for 127.0.0.1 at 2022-07-14 12:49:15 -0300
  [1m[35m (0.9ms)[0m  [1m[34mSELECT sqlite_version(*)[0m
  [1m[35m (0.2ms)[0m  [1m[34mSELECT "schema_migrations"."version" FROM "schema_migrations" ORDER BY "schema_migrations"."version" ASC[0m
Processing by Rails::WelcomeController#index as HTML
  Rendering /usr/share/rvm/gems/ruby-2.7.0/gems/railties-6.1.6.1/lib/rails/templates/rails/welcome/index.html.erb
  Rendered /usr/share/rvm/gems/ruby-2.7.0/gems/railties-6.1.6.1/lib/rails/templates/rails/welcome/index.html.erb (Duration: 10.4ms | Allocations: 337)
Completed 200 OK in 24ms (Views: 14.9ms | ActiveRecord: 0.0ms | Allocations: 2503)


Started GET "/products" for 127.0.0.1 at 2022-07-14 12:49:47 -0300
Processing by ProductsController#index as HTML
  Rendering layout layouts/application.html.erb
  Rendering products/index.html.erb within layouts/application
  [1m[36mProduct Load (0.3ms)[0m  [1m[34mSELECT "products".* FROM "products"[0m
  ↳ app/views/products/index.html.erb:14
  Rendered products/index.html.erb within layouts/application (Duration: 2.9ms | Allocations: 1021)
[Webpacker] Compiling...
[Webpacker] Compilation failed:
/home/mateus/projetos/ruby/projeto_mvc/node_modules/webpack-cli/bin/cli.js:93
				throw err;
				^

Error: Cannot find module '@rails/webpacker'
    at Function.Module._resolveFilename (internal/modules/cjs/loader.js:636:15)
    at Function.Module._load (internal/modules/cjs/loader.js:562:25)
    at Module.require (internal/modules/cjs/loader.js:692:17)
    at require (/home/mateus/projetos/ruby/projeto_mvc/node_modules/v8-compile-cache/v8-compile-cache.js:159:20)
    at Object.<anonymous> (/home/mateus/projetos/ruby/projeto_mvc/config/webpack/environment.js:1:87)
    at Module._compile (/home/mateus/projetos/ruby/projeto_mvc/node_modules/v8-compile-cache/v8-compile-cache.js:192:30)
    at Object.Module._extensions..js (internal/modules/cjs/loader.js:789:10)
    at Module.load (internal/modules/cjs/loader.js:653:32)
    at tryModuleLoad (internal/modules/cjs/loader.js:593:12)
    at Function.Module._load (internal/modules/cjs/loader.js:585:3)
    at Module.require (internal/modules/cjs/loader.js:692:17)
    at require (/home/mateus/projetos/ruby/projeto_mvc/node_modules/v8-compile-cache/v8-compile-cache.js:159:20)
    at Object.<anonymous> (/home/mateus/projetos/ruby/projeto_mvc/config/webpack/development.js:3:21)
    at Module._compile (/home/mateus/projetos/ruby/projeto_mvc/node_modules/v8-compile-cache/v8-compile-cache.js:192:30)
    at Object.Module._extensions..js (internal/modules/cjs/loader.js:789:10)
    at Module.load (internal/modules/cjs/loader.js:653:32)
    at tryModuleLoad (internal/modules/cjs/loader.js:593:12)
    at Function.Module._load (internal/modules/cjs/loader.js:585:3)
    at Module.require (internal/modules/cjs/loader.js:692:17)
    at require (/home/mateus/projetos/ruby/projeto_mvc/node_modules/v8-compile-cache/v8-compile-cache.js:159:20)
    at WEBPACK_OPTIONS (/home/mateus/projetos/ruby/projeto_mvc/node_modules/webpack-cli/bin/utils/convert-argv.js:114:13)
    at requireConfig (/home/mateus/projetos/ruby/projeto_mvc/node_modules/webpack-cli/bin/utils/convert-argv.js:116:6)
    at /home/mateus/projetos/ruby/projeto_mvc/node_modules/webpack-cli/bin/utils/convert-argv.js:123:17
    at Array.forEach (<anonymous>)
    at module.exports (/home/mateus/projetos/ruby/projeto_mvc/node_modules/webpack-cli/bin/utils/convert-argv.js:121:15)
    at yargs.parse (/home/mateus/projetos/ruby/projeto_mvc/node_modules/webpack-cli/bin/cli.js:71:45)
    at Object.parse (/home/mateus/projetos/ruby/projeto_mvc/node_modules/yargs/yargs.js:576:18)
    at /home/mateus/projetos/ruby/projeto_mvc/node_modules/webpack-cli/bin/cli.js:49:8
    at Object.<anonymous> (/home/mateus/projetos/ruby/projeto_mvc/node_modules/webpack-cli/bin/cli.js:366:3)
    at Module._compile (internal/modules/cjs/loader.js:778:30)

  Rendered layout layouts/application.html.erb (Duration: 1688.6ms | Allocations: 9141)
Completed 500 Internal Server Error in 1692ms (ActiveRecord: 0.3ms | Allocations: 10495)


  
ActionView::Template::Error (Webpacker can't find application.js in /home/mateus/projetos/ruby/projeto_mvc/public/packs/manifest.json. Possible causes:
1. You want to set webpacker.yml value of compile to true for your environment
   unless you are using the `webpack -w` or the webpack-dev-server.
2. webpack has not yet re-run to reflect updates.
3. You have misconfigured Webpacker's config/webpacker.yml file.
4. Your webpack configuration is not creating a manifest.
Your manifest contains:
{
}
):
     7:     <%= csp_meta_tag %>
     8: 
     9:     <%= stylesheet_link_tag 'application', media: 'all', 'data-turbolinks-track': 'reload' %>
    10:     <%= javascript_pack_tag 'application', 'data-turbolinks-track': 'reload' %>
    11:   </head>
    12: 
    13:   <body>
  
app/views/layouts/application.html.erb:10
Started GET "/Products" for 127.0.0.1 at 2022-07-14 13:12:34 -0300
  [1m[35m (0.3ms)[0m  [1m[34mSELECT sqlite_version(*)[0m
  [1m[35m (0.1ms)[0m  [1m[34mSELECT "schema_migrations"."version" FROM "schema_migrations" ORDER BY "schema_migrations"."version" ASC[0m
  
ActionController::RoutingError (No route matches [GET] "/Products"):
  
Started GET "/products" for 127.0.0.1 at 2022-07-14 13:12:41 -0300
Processing by ProductsController#index as HTML
  Rendering layout layouts/application.html.erb
  Rendering products/index.html.erb within layouts/application
  [1m[36mProduct Load (0.2ms)[0m  [1m[34mSELECT "products".* FROM "products"[0m
  ↳ app/views/products/index.html.erb:14
  Rendered products/index.html.erb within layouts/application (Duration: 2.5ms | Allocations: 1069)
[Webpacker] Compiling...
[Webpacker] Compiled all packs in /home/mateus/projetos/ruby/projeto_mvc/public/packs
[Webpacker] Hash: 0fe7dcd9d8f9ebcf52de
Version: webpack 4.46.0
Time: 606ms
Built at: 14/07/2022 13:12:43
                                     Asset       Size       Chunks                         Chunk Names
    js/application-2e212f7c8f867558ac6e.js    121 KiB  application  [emitted] [immutable]  application
js/application-2e212f7c8f867558ac6e.js.map    136 KiB  application  [emitted] [dev]        application
                             manifest.json  364 bytes               [emitted]              
Entrypoint application = js/application-2e212f7c8f867558ac6e.js js/application-2e212f7c8f867558ac6e.js.map
[./app/javascript/channels sync recursive _channel\.js$] ./app/javascript/channels sync _channel\.js$ 160 bytes {application} [built]
[./app/javascript/channels/index.js] 211 bytes {application} [built]
[./app/javascript/packs/application.js] 492 bytes {application} [built]
    + 3 hidden modules

  Rendered layout layouts/application.html.erb (Duration: 1908.4ms | Allocations: 7815)
Completed 200 OK in 1922ms (Views: 1911.8ms | ActiveRecord: 0.2ms | Allocations: 10073)


Started GET "/products/new" for 127.0.0.1 at 2022-07-14 13:12:48 -0300
Processing by ProductsController#new as HTML
  Rendering layout layouts/application.html.erb
  Rendering products/new.html.erb within layouts/application
  Rendered products/_form.html.erb (Duration: 33.0ms | Allocations: 2480)
  Rendered products/new.html.erb within layouts/application (Duration: 43.1ms | Allocations: 2841)
[Webpacker] Everything's up-to-date. Nothing to do
  Rendered layout layouts/application.html.erb (Duration: 85.9ms | Allocations: 5931)
Completed 200 OK in 100ms (Views: 88.9ms | ActiveRecord: 0.6ms | Allocations: 9032)


Started POST "/products" for 127.0.0.1 at 2022-07-14 13:13:22 -0300
Processing by ProductsController#create as HTML
  Parameters: {"authenticity_token"=>"[FILTERED]", "product"=>{"name"=>"Pré treino"}, "commit"=>"Create Product"}
  [1m[36mTRANSACTION (0.4ms)[0m  [1m[36mbegin transaction[0m
  ↳ app/controllers/products_controller.rb:27:in `block in create'
  [1m[36mProduct Create (0.8ms)[0m  [1m[32mINSERT INTO "products" ("name", "created_at", "updated_at") VALUES (?, ?, ?)[0m  [["name", "Pré treino"], ["created_at", "2022-07-14 16:13:22.896100"], ["updated_at", "2022-07-14 16:13:22.896100"]]
  ↳ app/controllers/products_controller.rb:27:in `block in create'
  [1m[36mTRANSACTION (108.3ms)[0m  [1m[36mcommit transaction[0m
  ↳ app/controllers/products_controller.rb:27:in `block in create'
Redirected to http://localhost:3000/products/1
Completed 302 Found in 177ms (ActiveRecord: 109.5ms | Allocations: 4862)


Started GET "/products/1" for 127.0.0.1 at 2022-07-14 13:13:23 -0300
Processing by ProductsController#show as HTML
  Parameters: {"id"=>"1"}
  [1m[36mProduct Load (0.8ms)[0m  [1m[34mSELECT "products".* FROM "products" WHERE "products"."id" = ? LIMIT ?[0m  [["id", 1], ["LIMIT", 1]]
  ↳ app/controllers/products_controller.rb:63:in `set_product'
  Rendering layout layouts/application.html.erb
  Rendering products/show.html.erb within layouts/application
  Rendered products/show.html.erb within layouts/application (Duration: 9.7ms | Allocations: 265)
[Webpacker] Everything's up-to-date. Nothing to do
  Rendered layout layouts/application.html.erb (Duration: 88.1ms | Allocations: 3497)
Completed 200 OK in 150ms (Views: 96.9ms | ActiveRecord: 0.8ms | Allocations: 7319)


Started GET "/products/1/edit" for 127.0.0.1 at 2022-07-14 13:13:28 -0300
Processing by ProductsController#edit as HTML
  Parameters: {"id"=>"1"}
  [1m[36mProduct Load (0.1ms)[0m  [1m[34mSELECT "products".* FROM "products" WHERE "products"."id" = ? LIMIT ?[0m  [["id", 1], ["LIMIT", 1]]
  ↳ app/controllers/products_controller.rb:63:in `set_product'
  Rendering layout layouts/application.html.erb
  Rendering products/edit.html.erb within layouts/application
  Rendered products/_form.html.erb (Duration: 1.6ms | Allocations: 739)
  Rendered products/edit.html.erb within layouts/application (Duration: 2.7ms | Allocations: 1018)
[Webpacker] Everything's up-to-date. Nothing to do
  Rendered layout layouts/application.html.erb (Duration: 13.8ms | Allocations: 4097)
Completed 200 OK in 21ms (Views: 17.2ms | ActiveRecord: 0.1ms | Allocations: 5151)


Started PATCH "/products/1" for 127.0.0.1 at 2022-07-14 13:13:37 -0300
Processing by ProductsController#update as HTML
  Parameters: {"authenticity_token"=>"[FILTERED]", "product"=>{"name"=>"Pré treino No control"}, "commit"=>"Update Product", "id"=>"1"}
  [1m[36mProduct Load (0.1ms)[0m  [1m[34mSELECT "products".* FROM "products" WHERE "products"."id" = ? LIMIT ?[0m  [["id", 1], ["LIMIT", 1]]
  ↳ app/controllers/products_controller.rb:63:in `set_product'
  [1m[36mTRANSACTION (0.2ms)[0m  [1m[36mbegin transaction[0m
  ↳ app/controllers/products_controller.rb:40:in `block in update'
  [1m[36mProduct Update (4.8ms)[0m  [1m[33mUPDATE "products" SET "name" = ?, "updated_at" = ? WHERE "products"."id" = ?[0m  [["name", "Pré treino No control"], ["updated_at", "2022-07-14 16:13:37.836340"], ["id", 1]]
  ↳ app/controllers/products_controller.rb:40:in `block in update'
  [1m[36mTRANSACTION (112.8ms)[0m  [1m[36mcommit transaction[0m
  ↳ app/controllers/products_controller.rb:40:in `block in update'
Redirected to http://localhost:3000/products/1
Completed 302 Found in 145ms (ActiveRecord: 118.0ms | Allocations: 5294)


Started GET "/products/1" for 127.0.0.1 at 2022-07-14 13:13:37 -0300
Processing by ProductsController#show as HTML
  Parameters: {"id"=>"1"}
  [1m[36mProduct Load (0.7ms)[0m  [1m[34mSELECT "products".* FROM "products" WHERE "products"."id" = ? LIMIT ?[0m  [["id", 1], ["LIMIT", 1]]
  ↳ app/controllers/products_controller.rb:63:in `set_product'
  Rendering layout layouts/application.html.erb
  Rendering products/show.html.erb within layouts/application
  Rendered products/show.html.erb within layouts/application (Duration: 0.6ms | Allocations: 121)
[Webpacker] Everything's up-to-date. Nothing to do
  Rendered layout layouts/application.html.erb (Duration: 20.4ms | Allocations: 3201)
Completed 200 OK in 37ms (Views: 29.0ms | ActiveRecord: 0.7ms | Allocations: 4133)


Started GET "/products" for 127.0.0.1 at 2022-07-14 13:13:41 -0300
Processing by ProductsController#index as HTML
  Rendering layout layouts/application.html.erb
  Rendering products/index.html.erb within layouts/application
  [1m[36mProduct Load (0.1ms)[0m  [1m[34mSELECT "products".* FROM "products"[0m
  ↳ app/views/products/index.html.erb:14
  Rendered products/index.html.erb within layouts/application (Duration: 1.9ms | Allocations: 858)
[Webpacker] Everything's up-to-date. Nothing to do
  Rendered layout layouts/application.html.erb (Duration: 6.8ms | Allocations: 3946)
Completed 200 OK in 12ms (Views: 11.1ms | ActiveRecord: 0.1ms | Allocations: 4340)


Started GET "/products/1" for 127.0.0.1 at 2022-07-14 13:13:43 -0300
Processing by ProductsController#show as HTML
  Parameters: {"id"=>"1"}
  [1m[36mProduct Load (0.1ms)[0m  [1m[34mSELECT "products".* FROM "products" WHERE "products"."id" = ? LIMIT ?[0m  [["id", 1], ["LIMIT", 1]]
  ↳ app/controllers/products_controller.rb:63:in `set_product'
  Rendering layout layouts/application.html.erb
  Rendering products/show.html.erb within layouts/application
  Rendered products/show.html.erb within layouts/application (Duration: 0.3ms | Allocations: 117)
[Webpacker] Everything's up-to-date. Nothing to do
  Rendered layout layouts/application.html.erb (Duration: 20.1ms | Allocations: 3199)
Completed 200 OK in 27ms (Views: 23.0ms | ActiveRecord: 0.1ms | Allocations: 4143)


Started GET "/products" for 127.0.0.1 at 2022-07-14 13:13:44 -0300
Processing by ProductsController#index as HTML
  Rendering layout layouts/application.html.erb
  Rendering products/index.html.erb within layouts/application
  [1m[36mProduct Load (0.1ms)[0m  [1m[34mSELECT "products".* FROM "products"[0m
  ↳ app/views/products/index.html.erb:14
  Rendered products/index.html.erb within layouts/application (Duration: 2.8ms | Allocations: 857)
[Webpacker] Everything's up-to-date. Nothing to do
  Rendered layout layouts/application.html.erb (Duration: 8.7ms | Allocations: 3936)
Completed 200 OK in 10ms (Views: 9.6ms | ActiveRecord: 0.1ms | Allocations: 4331)


Started DELETE "/products/1" for 127.0.0.1 at 2022-07-14 13:13:50 -0300
Processing by ProductsController#destroy as HTML
  Parameters: {"authenticity_token"=>"[FILTERED]", "id"=>"1"}
  [1m[36mProduct Load (0.1ms)[0m  [1m[34mSELECT "products".* FROM "products" WHERE "products"."id" = ? LIMIT ?[0m  [["id", 1], ["LIMIT", 1]]
  ↳ app/controllers/products_controller.rb:63:in `set_product'
  [1m[36mTRANSACTION (0.1ms)[0m  [1m[36mbegin transaction[0m
  ↳ app/controllers/products_controller.rb:52:in `destroy'
  [1m[36mProduct Destroy (0.2ms)[0m  [1m[31mDELETE FROM "products" WHERE "products"."id" = ?[0m  [["id", 1]]
  ↳ app/controllers/products_controller.rb:52:in `destroy'
  [1m[36mTRANSACTION (79.5ms)[0m  [1m[36mcommit transaction[0m
  ↳ app/controllers/products_controller.rb:52:in `destroy'
Redirected to http://localhost:3000/products
Completed 302 Found in 101ms (ActiveRecord: 79.9ms | Allocations: 4711)


Started GET "/products" for 127.0.0.1 at 2022-07-14 13:13:50 -0300
Processing by ProductsController#index as HTML
  Rendering layout layouts/application.html.erb
  Rendering products/index.html.erb within layouts/application
  [1m[36mProduct Load (0.7ms)[0m  [1m[34mSELECT "products".* FROM "products"[0m
  ↳ app/views/products/index.html.erb:14
  Rendered products/index.html.erb within layouts/application (Duration: 9.5ms | Allocations: 713)
[Webpacker] Everything's up-to-date. Nothing to do
  Rendered layout layouts/application.html.erb (Duration: 25.2ms | Allocations: 3792)
Completed 200 OK in 45ms (Views: 40.9ms | ActiveRecord: 0.7ms | Allocations: 4191)


Started GET "/products" for 127.0.0.1 at 2022-07-14 13:35:49 -0300
Processing by ProductsController#index as HTML
  Rendering layout layouts/application.html.erb
  Rendering products/index.html.erb within layouts/application
  [1m[35m (0.2ms)[0m  [1m[34mSELECT sqlite_version(*)[0m
  ↳ app/views/products/index.html.erb:14
  [1m[36mProduct Load (1.2ms)[0m  [1m[34mSELECT "products".* FROM "products"[0m
  ↳ app/views/products/index.html.erb:14
  Rendered products/index.html.erb within layouts/application (Duration: 10.6ms | Allocations: 1439)
[Webpacker] Everything's up-to-date. Nothing to do
  Rendered layout layouts/application.html.erb (Duration: 20.1ms | Allocations: 4521)
Completed 200 OK in 24ms (Views: 22.4ms | ActiveRecord: 1.8ms | Allocations: 4923)


Started GET "/products" for 127.0.0.1 at 2022-07-14 17:38:54 -0300
  [1m[35m (9.1ms)[0m  [1m[34mSELECT sqlite_version(*)[0m
  [1m[35m (0.1ms)[0m  [1m[34mSELECT "schema_migrations"."version" FROM "schema_migrations" ORDER BY "schema_migrations"."version" ASC[0m
Processing by ProductsController#index as HTML
  Rendering layout layouts/application.html.erb
  Rendering products/index.html.erb within layouts/application
  [1m[36mProduct Load (14.7ms)[0m  [1m[34mSELECT "products".* FROM "products"[0m
  ↳ app/views/products/index.html.erb:14
  Rendered products/index.html.erb within layouts/application (Duration: 24.5ms | Allocations: 1238)
[Webpacker] Everything's up-to-date. Nothing to do
  Rendered layout layouts/application.html.erb (Duration: 135.4ms | Allocations: 20874)
Completed 200 OK in 156ms (Views: 130.4ms | ActiveRecord: 14.7ms | Allocations: 24854)


  [1m[35m (0.4ms)[0m  [1m[34mSELECT sqlite_version(*)[0m
  [1m[35m (0.1ms)[0m  [1m[34mSELECT "schema_migrations"."version" FROM "schema_migrations" ORDER BY "schema_migrations"."version" ASC[0m
  [1m[35m (0.0ms)[0m  [1m[34mSELECT "schema_migrations"."version" FROM "schema_migrations" ORDER BY "schema_migrations"."version" ASC[0m
  [1m[35m (0.1ms)[0m  [1m[34mSELECT "schema_migrations"."version" FROM "schema_migrations" ORDER BY "schema_migrations"."version" ASC[0m
  [1m[35m (0.1ms)[0m  [1m[34mSELECT "schema_migrations"."version" FROM "schema_migrations" ORDER BY "schema_migrations"."version" ASC[0m
Migrating to CreateProducts (20220714153822)
  [1m[36mTRANSACTION (0.1ms)[0m  [1m[36mbegin transaction[0m
  [1m[35m (11.4ms)[0m  [1m[35mDROP TABLE "products"[0m
  [1m[36mActiveRecord::SchemaMigration Destroy (0.3ms)[0m  [1m[31mDELETE FROM "schema_migrations" WHERE "schema_migrations"."version" = ?[0m  [["version", "20220714153822"]]
  [1m[36mTRANSACTION (115.2ms)[0m  [1m[36mcommit transaction[0m
  [1m[35m (0.2ms)[0m  [1m[34mSELECT sqlite_version(*)[0m
  [1m[35m (0.3ms)[0m  [1m[34mSELECT "schema_migrations"."version" FROM "schema_migrations" ORDER BY "schema_migrations"."version" ASC[0m
Started GET "/articles" for 127.0.0.1 at 2022-07-16 18:25:30 -0300
  [1m[35m (1.2ms)[0m  [1m[34mSELECT sqlite_version(*)[0m
  [1m[35m (0.2ms)[0m  [1m[34mSELECT "schema_migrations"."version" FROM "schema_migrations" ORDER BY "schema_migrations"."version" ASC[0m
Processing by ArticlesController#index as HTML
  Rendering layout layouts/application.html.erb
  Rendering articles/index.html.erb within layouts/application
  Rendered articles/index.html.erb within layouts/application (Duration: 3.4ms | Allocations: 224)
[Webpacker] Everything's up-to-date. Nothing to do
  Rendered layout layouts/application.html.erb (Duration: 112.2ms | Allocations: 17506)
Completed 200 OK in 138ms (Views: 125.1ms | ActiveRecord: 0.0ms | Allocations: 20074)


Started GET "/" for 127.0.0.1 at 2022-07-16 18:40:37 -0300
Processing by ArticlesController#index as HTML
  Rendering layout layouts/application.html.erb
  Rendering articles/index.html.erb within layouts/application
  Rendered articles/index.html.erb within layouts/application (Duration: 0.1ms | Allocations: 37)
[Webpacker] Everything's up-to-date. Nothing to do
  Rendered layout layouts/application.html.erb (Duration: 14.2ms | Allocations: 3109)
Completed 200 OK in 23ms (Views: 17.1ms | Allocations: 3611)


  [1m[35m (1.2ms)[0m  [1m[34mSELECT sqlite_version(*)[0m
  [1m[35m (0.1ms)[0m  [1m[34mSELECT "schema_migrations"."version" FROM "schema_migrations" ORDER BY "schema_migrations"."version" ASC[0m
Migrating to CreateArticles (20220716214220)
  [1m[36mTRANSACTION (0.1ms)[0m  [1m[36mbegin transaction[0m
  [1m[35m (0.3ms)[0m  [1m[35mCREATE TABLE "articles" ("id" integer PRIMARY KEY AUTOINCREMENT NOT NULL, "title" varchar, "body" text, "created_at" datetime(6) NOT NULL, "updated_at" datetime(6) NOT NULL)[0m
  [1m[36mActiveRecord::SchemaMigration Create (2.1ms)[0m  [1m[32mINSERT INTO "schema_migrations" ("version") VALUES (?)[0m  [["version", "20220716214220"]]
  [1m[36mTRANSACTION (58.5ms)[0m  [1m[36mcommit transaction[0m
  [1m[36mActiveRecord::InternalMetadata Load (0.6ms)[0m  [1m[34mSELECT "ar_internal_metadata".* FROM "ar_internal_metadata" WHERE "ar_internal_metadata"."key" = ? LIMIT ?[0m  [["key", "environment"], ["LIMIT", 1]]
  [1m[35m (0.1ms)[0m  [1m[34mSELECT sqlite_version(*)[0m
  [1m[35m (0.1ms)[0m  [1m[34mSELECT "schema_migrations"."version" FROM "schema_migrations" ORDER BY "schema_migrations"."version" ASC[0m
  [1m[35m (0.4ms)[0m  [1m[34mSELECT sqlite_version(*)[0m
  [1m[36mTRANSACTION (0.1ms)[0m  [1m[36mbegin transaction[0m
  [1m[36mArticle Create (0.4ms)[0m  [1m[32mINSERT INTO "articles" ("title", "body", "created_at", "updated_at") VALUES (?, ?, ?, ?)[0m  [["title", "Hello rails!"], ["body", "Thats the first post"], ["created_at", "2022-07-16 21:59:35.869499"], ["updated_at", "2022-07-16 21:59:35.869499"]]
  [1m[36mTRANSACTION (190.0ms)[0m  [1m[36mcommit transaction[0m
  [1m[36mArticle Load (0.2ms)[0m  [1m[34mSELECT "articles".* FROM "articles" WHERE "articles"."id" = ? LIMIT ?[0m  [["id", 0], ["LIMIT", 1]]
  [1m[36mArticle Load (0.2ms)[0m  [1m[34mSELECT "articles".* FROM "articles" WHERE "articles"."id" = ? LIMIT ?[0m  [["id", 1], ["LIMIT", 1]]
  [1m[36mArticle Load (0.2ms)[0m  [1m[34mSELECT "articles".* FROM "articles" /* loading for inspect */ LIMIT ?[0m  [["LIMIT", 11]]
  [1m[36mTRANSACTION (0.1ms)[0m  [1m[36mbegin transaction[0m
  [1m[36mArticle Create (0.4ms)[0m  [1m[32mINSERT INTO "articles" ("title", "body", "created_at", "updated_at") VALUES (?, ?, ?, ?)[0m  [["title", "Hello ruby course!"], ["body", "Thats the second post saved on the database!"], ["created_at", "2022-07-17 00:42:18.910213"], ["updated_at", "2022-07-17 00:42:18.910213"]]
  [1m[36mTRANSACTION (79.0ms)[0m  [1m[36mcommit transaction[0m
  [1m[36mArticle Load (0.2ms)[0m  [1m[34mSELECT "articles".* FROM "articles" /* loading for inspect */ LIMIT ?[0m  [["LIMIT", 11]]
Started GET "/" for 127.0.0.1 at 2022-07-16 22:14:31 -0300
  [1m[35m (0.3ms)[0m  [1m[34mSELECT sqlite_version(*)[0m
  [1m[35m (0.2ms)[0m  [1m[34mSELECT "schema_migrations"."version" FROM "schema_migrations" ORDER BY "schema_migrations"."version" ASC[0m
Processing by ArticlesController#index as HTML
  Rendering layout layouts/application.html.erb
  Rendering articles/index.html.erb within layouts/application
  [1m[36mArticle Load (0.2ms)[0m  [1m[34mSELECT "articles".* FROM "articles"[0m
  ↳ app/views/articles/index.html.erb:4
  Rendered articles/index.html.erb within layouts/application (Duration: 22.7ms | Allocations: 4016)
[Webpacker] Everything's up-to-date. Nothing to do
  Rendered layout layouts/application.html.erb (Duration: 49.4ms | Allocations: 9503)
Completed 200 OK in 61ms (Views: 50.1ms | ActiveRecord: 1.4ms | Allocations: 12387)


Started GET "/" for 127.0.0.1 at 2022-07-18 13:19:25 -0300
  [1m[35m (1.7ms)[0m  [1m[34mSELECT sqlite_version(*)[0m
  [1m[35m (2.4ms)[0m  [1m[34mSELECT "schema_migrations"."version" FROM "schema_migrations" ORDER BY "schema_migrations"."version" ASC[0m
Processing by ArticlesController#index as HTML
  Rendering layout layouts/application.html.erb
  Rendering articles/index.html.erb within layouts/application
  [1m[36mArticle Load (17.7ms)[0m  [1m[34mSELECT "articles".* FROM "articles"[0m
  ↳ app/views/articles/index.html.erb:4
  Rendered articles/index.html.erb within layouts/application (Duration: 43.3ms | Allocations: 3997)
[Webpacker] Everything's up-to-date. Nothing to do
  Rendered layout layouts/application.html.erb (Duration: 215.2ms | Allocations: 9481)
Completed 200 OK in 259ms (Views: 204.1ms | ActiveRecord: 18.9ms | Allocations: 12364)


  [1m[35m (0.4ms)[0m  [1m[34mSELECT sqlite_version(*)[0m
  [1m[36mArticle Load (0.3ms)[0m  [1m[34mSELECT "articles".* FROM "articles" WHERE "articles"."id" = ? LIMIT ?[0m  [["id", 1], ["LIMIT", 1]]
Started GET "/articles/1" for 127.0.0.1 at 2022-07-18 13:27:25 -0300
Processing by ArticlesController#show as HTML
  Parameters: {"id"=>"1"}
  [1m[35m (0.1ms)[0m  [1m[34mSELECT sqlite_version(*)[0m
  ↳ app/controllers/articles_controller.rb:7:in `show'
  [1m[36mArticle Load (0.2ms)[0m  [1m[34mSELECT "articles".* FROM "articles" WHERE "articles"."id" = ? LIMIT ?[0m  [["id", 1], ["LIMIT", 1]]
  ↳ app/controllers/articles_controller.rb:7:in `show'
  Rendering layout layouts/application.html.erb
  Rendering articles/show.html.erb within layouts/application
  Rendered articles/show.html.erb within layouts/application (Duration: 0.3ms | Allocations: 143)
[Webpacker] Everything's up-to-date. Nothing to do
  Rendered layout layouts/application.html.erb (Duration: 5.3ms | Allocations: 3386)
Completed 200 OK in 17ms (Views: 6.9ms | ActiveRecord: 0.6ms | Allocations: 8367)


Started GET "/articles/2" for 127.0.0.1 at 2022-07-18 13:27:38 -0300
Processing by ArticlesController#show as HTML
  Parameters: {"id"=>"2"}
  [1m[36mArticle Load (0.1ms)[0m  [1m[34mSELECT "articles".* FROM "articles" WHERE "articles"."id" = ? LIMIT ?[0m  [["id", 2], ["LIMIT", 1]]
  ↳ app/controllers/articles_controller.rb:7:in `show'
  Rendering layout layouts/application.html.erb
  Rendering articles/show.html.erb within layouts/application
  Rendered articles/show.html.erb within layouts/application (Duration: 0.4ms | Allocations: 139)
[Webpacker] Everything's up-to-date. Nothing to do
  Rendered layout layouts/application.html.erb (Duration: 8.8ms | Allocations: 3403)
Completed 200 OK in 14ms (Views: 10.4ms | ActiveRecord: 0.1ms | Allocations: 5040)


Started GET "/articles/" for 127.0.0.1 at 2022-07-18 13:27:49 -0300
Processing by ArticlesController#index as HTML
  Rendering layout layouts/application.html.erb
  Rendering articles/index.html.erb within layouts/application
  [1m[36mArticle Load (0.7ms)[0m  [1m[34mSELECT "articles".* FROM "articles"[0m
  ↳ app/views/articles/index.html.erb:4
  Rendered articles/index.html.erb within layouts/application (Duration: 7.6ms | Allocations: 846)
[Webpacker] Everything's up-to-date. Nothing to do
  Rendered layout layouts/application.html.erb (Duration: 23.8ms | Allocations: 3937)
Completed 200 OK in 28ms (Views: 24.7ms | ActiveRecord: 0.7ms | Allocations: 4450)


Started GET "/articles/" for 127.0.0.1 at 2022-07-18 13:29:04 -0300
Processing by ArticlesController#index as HTML
  Rendering layout layouts/application.html.erb
  Rendering articles/index.html.erb within layouts/application
  [1m[36mArticle Load (0.1ms)[0m  [1m[34mSELECT "articles".* FROM "articles"[0m
  ↳ app/views/articles/index.html.erb:4
  Rendered articles/index.html.erb within layouts/application (Duration: 37.2ms | Allocations: 5521)
  Rendered layout layouts/application.html.erb (Duration: 37.6ms | Allocations: 5586)
Completed 500 Internal Server Error in 41ms (ActiveRecord: 0.1ms | Allocations: 6676)


  
ActionView::Template::Error (undefined method `id' for nil:NilClass):
    3: <ul>
    4:     <% @articles.each do |article| %>
    5:     <li>
    6:         <a href="/articles/<%= @article.id %>">
    7:             <%= article.title %>
    8:         </a>
    9:     </li>
  
app/views/articles/index.html.erb:6
app/views/articles/index.html.erb:4
Started GET "/articles/" for 127.0.0.1 at 2022-07-18 13:29:34 -0300
Processing by ArticlesController#index as HTML
  Rendering layout layouts/application.html.erb
  Rendering articles/index.html.erb within layouts/application
  [1m[36mArticle Load (0.1ms)[0m  [1m[34mSELECT "articles".* FROM "articles"[0m
  ↳ app/views/articles/index.html.erb:4
  Rendered articles/index.html.erb within layouts/application (Duration: 2.3ms | Allocations: 916)
[Webpacker] Everything's up-to-date. Nothing to do
  Rendered layout layouts/application.html.erb (Duration: 18.1ms | Allocations: 4331)
Completed 200 OK in 22ms (Views: 19.7ms | ActiveRecord: 0.1ms | Allocations: 5558)


Started GET "/articles/1" for 127.0.0.1 at 2022-07-18 13:29:36 -0300
Processing by ArticlesController#show as HTML
  Parameters: {"id"=>"1"}
  [1m[36mArticle Load (0.5ms)[0m  [1m[34mSELECT "articles".* FROM "articles" WHERE "articles"."id" = ? LIMIT ?[0m  [["id", 1], ["LIMIT", 1]]
  ↳ app/controllers/articles_controller.rb:7:in `show'
  Rendering layout layouts/application.html.erb
  Rendering articles/show.html.erb within layouts/application
  Rendered articles/show.html.erb within layouts/application (Duration: 0.5ms | Allocations: 141)
[Webpacker] Everything's up-to-date. Nothing to do
  Rendered layout layouts/application.html.erb (Duration: 12.9ms | Allocations: 3243)
Completed 200 OK in 24ms (Views: 14.4ms | ActiveRecord: 0.5ms | Allocations: 4295)


Started GET "/articles/2" for 127.0.0.1 at 2022-07-18 13:29:38 -0300
Processing by ArticlesController#show as HTML
  Parameters: {"id"=>"2"}
  [1m[36mArticle Load (0.2ms)[0m  [1m[34mSELECT "articles".* FROM "articles" WHERE "articles"."id" = ? LIMIT ?[0m  [["id", 2], ["LIMIT", 1]]
  ↳ app/controllers/articles_controller.rb:7:in `show'
  Rendering layout layouts/application.html.erb
  Rendering articles/show.html.erb within layouts/application
  Rendered articles/show.html.erb within layouts/application (Duration: 0.1ms | Allocations: 42)
[Webpacker] Everything's up-to-date. Nothing to do
  Rendered layout layouts/application.html.erb (Duration: 3.9ms | Allocations: 3130)
Completed 200 OK in 7ms (Views: 5.3ms | ActiveRecord: 0.2ms | Allocations: 4043)


Started GET "/articles/" for 127.0.0.1 at 2022-07-18 13:31:27 -0300
Processing by ArticlesController#index as HTML
  Rendering layout layouts/application.html.erb
  Rendering articles/index.html.erb within layouts/application
  [1m[36mArticle Load (0.1ms)[0m  [1m[34mSELECT "articles".* FROM "articles"[0m
  ↳ app/views/articles/index.html.erb:4
  Rendered articles/index.html.erb within layouts/application (Duration: 12.9ms | Allocations: 4614)
  Rendered layout layouts/application.html.erb (Duration: 13.2ms | Allocations: 4678)
Completed 500 Internal Server Error in 16ms (ActiveRecord: 0.1ms | Allocations: 5755)


  
ActionView::Template::Error (undefined method `article_path' for #<ActionView::Base:0x0000000000a4b0>
Did you mean?  articles_path):
    3: <ul>
    4:     <% @articles.each do |article| %>
    5:     <li>
    6:         <a href="<%= article_path(article) %>">
    7:             <%= article.title %>
    8:         </a>
    9:     </li>
  
app/views/articles/index.html.erb:6
app/views/articles/index.html.erb:4
Started GET "/articles/" for 127.0.0.1 at 2022-07-18 13:32:28 -0300
Processing by ArticlesController#index as HTML
  Rendering layout layouts/application.html.erb
  Rendering articles/index.html.erb within layouts/application
  [1m[35m (0.1ms)[0m  [1m[34mSELECT sqlite_version(*)[0m
  ↳ app/views/articles/index.html.erb:4
  [1m[36mArticle Load (0.1ms)[0m  [1m[34mSELECT "articles".* FROM "articles"[0m
  ↳ app/views/articles/index.html.erb:4
  Rendered articles/index.html.erb within layouts/application (Duration: 7.0ms | Allocations: 4030)
[Webpacker] Everything's up-to-date. Nothing to do
  Rendered layout layouts/application.html.erb (Duration: 10.9ms | Allocations: 7284)
Completed 200 OK in 13ms (Views: 11.6ms | ActiveRecord: 0.8ms | Allocations: 8065)


Started GET "/articles/1" for 127.0.0.1 at 2022-07-18 13:32:31 -0300
Processing by ArticlesController#show as HTML
  Parameters: {"id"=>"1"}
  [1m[36mArticle Load (0.5ms)[0m  [1m[34mSELECT "articles".* FROM "articles" WHERE "articles"."id" = ? LIMIT ?[0m  [["id", 1], ["LIMIT", 1]]
  ↳ app/controllers/articles_controller.rb:7:in `show'
  Rendering layout layouts/application.html.erb
  Rendering articles/show.html.erb within layouts/application
  Rendered articles/show.html.erb within layouts/application (Duration: 2.5ms | Allocations: 138)
[Webpacker] Everything's up-to-date. Nothing to do
  Rendered layout layouts/application.html.erb (Duration: 9.5ms | Allocations: 3229)
Completed 200 OK in 19ms (Views: 11.2ms | ActiveRecord: 0.5ms | Allocations: 4409)


Started GET "/articles/2" for 127.0.0.1 at 2022-07-18 13:32:34 -0300
Processing by ArticlesController#show as HTML
  Parameters: {"id"=>"2"}
  [1m[36mArticle Load (0.1ms)[0m  [1m[34mSELECT "articles".* FROM "articles" WHERE "articles"."id" = ? LIMIT ?[0m  [["id", 2], ["LIMIT", 1]]
  ↳ app/controllers/articles_controller.rb:7:in `show'
  Rendering layout layouts/application.html.erb
  Rendering articles/show.html.erb within layouts/application
  Rendered articles/show.html.erb within layouts/application (Duration: 1.4ms | Allocations: 42)
[Webpacker] Everything's up-to-date. Nothing to do
  Rendered layout layouts/application.html.erb (Duration: 10.1ms | Allocations: 3130)
Completed 200 OK in 14ms (Views: 11.0ms | ActiveRecord: 0.1ms | Allocations: 4043)


Started GET "/articles/" for 127.0.0.1 at 2022-07-18 13:35:38 -0300
Processing by ArticlesController#index as HTML
  Rendering layout layouts/application.html.erb
  Rendering articles/index.html.erb within layouts/application
  [1m[36mArticle Load (0.6ms)[0m  [1m[34mSELECT "articles".* FROM "articles"[0m
  ↳ app/views/articles/index.html.erb:4
  Rendered articles/index.html.erb within layouts/application (Duration: 14.5ms | Allocations: 962)
[Webpacker] Everything's up-to-date. Nothing to do
  Rendered layout layouts/application.html.erb (Duration: 19.7ms | Allocations: 4223)
Completed 200 OK in 35ms (Views: 31.4ms | ActiveRecord: 0.6ms | Allocations: 5323)


Started GET "/articles/1" for 127.0.0.1 at 2022-07-18 13:35:39 -0300
Processing by ArticlesController#show as HTML
  Parameters: {"id"=>"1"}
  [1m[36mArticle Load (0.1ms)[0m  [1m[34mSELECT "articles".* FROM "articles" WHERE "articles"."id" = ? LIMIT ?[0m  [["id", 1], ["LIMIT", 1]]
  ↳ app/controllers/articles_controller.rb:7:in `show'
  Rendering layout layouts/application.html.erb
  Rendering articles/show.html.erb within layouts/application
  Rendered articles/show.html.erb within layouts/application (Duration: 0.4ms | Allocations: 137)
[Webpacker] Everything's up-to-date. Nothing to do
  Rendered layout layouts/application.html.erb (Duration: 4.6ms | Allocations: 3228)
Completed 200 OK in 7ms (Views: 5.1ms | ActiveRecord: 0.1ms | Allocations: 4266)


Started GET "/articles/2" for 127.0.0.1 at 2022-07-18 13:35:42 -0300
Processing by ArticlesController#show as HTML
  Parameters: {"id"=>"2"}
  [1m[36mArticle Load (0.2ms)[0m  [1m[34mSELECT "articles".* FROM "articles" WHERE "articles"."id" = ? LIMIT ?[0m  [["id", 2], ["LIMIT", 1]]
  ↳ app/controllers/articles_controller.rb:7:in `show'
  Rendering layout layouts/application.html.erb
  Rendering articles/show.html.erb within layouts/application
  Rendered articles/show.html.erb within layouts/application (Duration: 0.1ms | Allocations: 42)
[Webpacker] Everything's up-to-date. Nothing to do
  Rendered layout layouts/application.html.erb (Duration: 12.2ms | Allocations: 3130)
Completed 200 OK in 19ms (Views: 14.2ms | ActiveRecord: 0.2ms | Allocations: 4043)


  [1m[35m (0.3ms)[0m  [1m[34mSELECT sqlite_version(*)[0m
Started GET "/articles/new" for 127.0.0.1 at 2022-07-18 13:54:36 -0300
Processing by ArticlesController#new as HTML
  Rendering layout layouts/application.html.erb
  Rendering articles/new.html.erb within layouts/application
  Rendered articles/new.html.erb within layouts/application (Duration: 106.7ms | Allocations: 7467)
[Webpacker] Everything's up-to-date. Nothing to do
  Rendered layout layouts/application.html.erb (Duration: 112.0ms | Allocations: 10636)
Completed 200 OK in 118ms (Views: 117.1ms | Allocations: 11640)


Started GET "/articles/new" for 127.0.0.1 at 2022-07-18 13:56:04 -0300
Processing by ArticlesController#new as HTML
  Rendering layout layouts/application.html.erb
  Rendering articles/new.html.erb within layouts/application
  Rendered articles/new.html.erb within layouts/application (Duration: 8.6ms | Allocations: 2336)
[Webpacker] Everything's up-to-date. Nothing to do
  Rendered layout layouts/application.html.erb (Duration: 23.7ms | Allocations: 5492)
Completed 200 OK in 28ms (Views: 26.7ms | Allocations: 6490)


Started GET "/articles/new" for 127.0.0.1 at 2022-07-18 13:57:11 -0300
Processing by ArticlesController#new as HTML
  Rendering layout layouts/application.html.erb
  Rendering articles/new.html.erb within layouts/application
  Rendered articles/new.html.erb within layouts/application (Duration: 29.3ms | Allocations: 5340)
[Webpacker] Everything's up-to-date. Nothing to do
  Rendered layout layouts/application.html.erb (Duration: 33.5ms | Allocations: 8509)
Completed 200 OK in 39ms (Views: 37.0ms | Allocations: 9507)


Started GET "/" for 127.0.0.1 at 2022-07-18 14:14:22 -0300
Processing by ArticlesController#index as HTML
  Rendering layout layouts/application.html.erb
  Rendering articles/index.html.erb within layouts/application
  [1m[35m (0.4ms)[0m  [1m[34mSELECT sqlite_version(*)[0m
  ↳ app/views/articles/index.html.erb:6
  [1m[36mArticle Load (0.8ms)[0m  [1m[34mSELECT "articles".* FROM "articles"[0m
  ↳ app/views/articles/index.html.erb:6
  Rendered articles/index.html.erb within layouts/application (Duration: 21.3ms | Allocations: 3842)
[Webpacker] Everything's up-to-date. Nothing to do
  Rendered layout layouts/application.html.erb (Duration: 30.8ms | Allocations: 7082)
Completed 200 OK in 35ms (Views: 32.7ms | ActiveRecord: 2.2ms | Allocations: 8630)


Started GET "/articles/new" for 127.0.0.1 at 2022-07-18 14:14:30 -0300
Processing by ArticlesController#new as HTML
  Rendering layout layouts/application.html.erb
  Rendering articles/new.html.erb within layouts/application
  Rendered articles/new.html.erb within layouts/application (Duration: 1.9ms | Allocations: 1299)
[Webpacker] Everything's up-to-date. Nothing to do
  Rendered layout layouts/application.html.erb (Duration: 5.4ms | Allocations: 4399)
Completed 200 OK in 7ms (Views: 6.1ms | ActiveRecord: 0.0ms | Allocations: 4926)


Started POST "/articles" for 127.0.0.1 at 2022-07-18 14:17:46 -0300
Processing by ArticlesController#create as HTML
  Parameters: {"authenticity_token"=>"[FILTERED]", "article"=>{"title"=>"", "body"=>""}, "commit"=>"Create Article"}
Completed 500 Internal Server Error in 2ms (ActiveRecord: 0.0ms | Allocations: 1424)


  
NoMethodError (undefined method `parmit' for #<ActionController::Parameters:0x00007f05700a3f80>
Did you mean?  permit
               permit!):
  
app/controllers/articles_controller.rb:28:in `article_params'
app/controllers/articles_controller.rb:16:in `create'
Started GET "/articles/new" for 127.0.0.1 at 2022-07-18 14:18:14 -0300
Processing by ArticlesController#new as HTML
  [1m[35m (0.2ms)[0m  [1m[34mSELECT sqlite_version(*)[0m
  ↳ app/controllers/articles_controller.rb:12:in `new'
  Rendering layout layouts/application.html.erb
  Rendering articles/new.html.erb within layouts/application
  Rendered articles/new.html.erb within layouts/application (Duration: 4.0ms | Allocations: 933)
[Webpacker] Everything's up-to-date. Nothing to do
  Rendered layout layouts/application.html.erb (Duration: 13.6ms | Allocations: 4012)
Completed 200 OK in 27ms (Views: 14.6ms | ActiveRecord: 1.5ms | Allocations: 8023)


Started POST "/articles" for 127.0.0.1 at 2022-07-18 14:18:17 -0300
Processing by ArticlesController#create as HTML
  Parameters: {"authenticity_token"=>"[FILTERED]", "article"=>{"title"=>"", "body"=>""}, "commit"=>"Create Article"}
  Rendering layout layouts/application.html.erb
  Rendering articles/new.html.erb within layouts/application
  Rendered articles/new.html.erb within layouts/application (Duration: 8.7ms | Allocations: 5187)
[Webpacker] Everything's up-to-date. Nothing to do
  Rendered layout layouts/application.html.erb (Duration: 14.5ms | Allocations: 8202)
Completed 200 OK in 16ms (Views: 14.9ms | ActiveRecord: 0.0ms | Allocations: 9355)


Started POST "/articles" for 127.0.0.1 at 2022-07-18 14:20:28 -0300
Processing by ArticlesController#create as HTML
  Parameters: {"authenticity_token"=>"[FILTERED]", "article"=>{"title"=>"New article test", "body"=>"This article was made on new article page"}, "commit"=>"Create Article"}
  [1m[36mTRANSACTION (0.1ms)[0m  [1m[36mbegin transaction[0m
  ↳ app/controllers/articles_controller.rb:18:in `create'
  [1m[36mArticle Create (16.9ms)[0m  [1m[32mINSERT INTO "articles" ("title", "body", "created_at", "updated_at") VALUES (?, ?, ?, ?)[0m  [["title", "New article test"], ["body", "This article was made on new article page"], ["created_at", "2022-07-18 17:20:28.149629"], ["updated_at", "2022-07-18 17:20:28.149629"]]
  ↳ app/controllers/articles_controller.rb:18:in `create'
  [1m[36mTRANSACTION (87.8ms)[0m  [1m[36mcommit transaction[0m
  ↳ app/controllers/articles_controller.rb:18:in `create'
Redirected to http://localhost:3000/articles/3
Completed 302 Found in 119ms (ActiveRecord: 104.8ms | Allocations: 4648)


Started GET "/articles/3" for 127.0.0.1 at 2022-07-18 14:20:28 -0300
Processing by ArticlesController#show as HTML
  Parameters: {"id"=>"3"}
  [1m[36mArticle Load (0.9ms)[0m  [1m[34mSELECT "articles".* FROM "articles" WHERE "articles"."id" = ? LIMIT ?[0m  [["id", 3], ["LIMIT", 1]]
  ↳ app/controllers/articles_controller.rb:8:in `show'
  Rendering layout layouts/application.html.erb
  Rendering articles/show.html.erb within layouts/application
  Rendered articles/show.html.erb within layouts/application (Duration: 0.5ms | Allocations: 138)
[Webpacker] Everything's up-to-date. Nothing to do
  Rendered layout layouts/application.html.erb (Duration: 3.8ms | Allocations: 3229)
Completed 200 OK in 15ms (Views: 4.2ms | ActiveRecord: 0.9ms | Allocations: 4397)


Started GET "/articles" for 127.0.0.1 at 2022-07-18 14:20:34 -0300
Processing by ArticlesController#index as HTML
  Rendering layout layouts/application.html.erb
  Rendering articles/index.html.erb within layouts/application
  [1m[36mArticle Load (0.3ms)[0m  [1m[34mSELECT "articles".* FROM "articles"[0m
  ↳ app/views/articles/index.html.erb:6
  Rendered articles/index.html.erb within layouts/application (Duration: 2.3ms | Allocations: 869)
[Webpacker] Everything's up-to-date. Nothing to do
  Rendered layout layouts/application.html.erb (Duration: 8.1ms | Allocations: 3956)
Completed 200 OK in 10ms (Views: 8.6ms | ActiveRecord: 0.3ms | Allocations: 4344)


Started GET "/articles/3" for 127.0.0.1 at 2022-07-18 14:20:39 -0300
Processing by ArticlesController#show as HTML
  Parameters: {"id"=>"3"}
  [1m[36mArticle Load (0.1ms)[0m  [1m[34mSELECT "articles".* FROM "articles" WHERE "articles"."id" = ? LIMIT ?[0m  [["id", 3], ["LIMIT", 1]]
  ↳ app/controllers/articles_controller.rb:8:in `show'
  Rendering layout layouts/application.html.erb
  Rendering articles/show.html.erb within layouts/application
  Rendered articles/show.html.erb within layouts/application (Duration: 0.1ms | Allocations: 42)
[Webpacker] Everything's up-to-date. Nothing to do
  Rendered layout layouts/application.html.erb (Duration: 3.7ms | Allocations: 3143)
Completed 200 OK in 6ms (Views: 4.1ms | ActiveRecord: 0.1ms | Allocations: 4056)


Started GET "/articles/1" for 127.0.0.1 at 2022-07-18 14:22:30 -0300
Processing by ArticlesController#show as HTML
  Parameters: {"id"=>"1"}
  [1m[36mArticle Load (0.1ms)[0m  [1m[34mSELECT "articles".* FROM "articles" WHERE "articles"."id" = ? LIMIT ?[0m  [["id", 1], ["LIMIT", 1]]
  ↳ app/controllers/articles_controller.rb:8:in `show'
  Rendering layout layouts/application.html.erb
  Rendering articles/show.html.erb within layouts/application
  Rendered articles/show.html.erb within layouts/application (Duration: 12.8ms | Allocations: 200)
[Webpacker] Everything's up-to-date. Nothing to do
  Rendered layout layouts/application.html.erb (Duration: 23.2ms | Allocations: 3461)
Completed 200 OK in 32ms (Views: 26.4ms | ActiveRecord: 0.1ms | Allocations: 5087)


Started GET "/" for 127.0.0.1 at 2022-07-18 14:22:31 -0300
Processing by ArticlesController#index as HTML
  Rendering layout layouts/application.html.erb
  Rendering articles/index.html.erb within layouts/application
  [1m[36mArticle Load (0.1ms)[0m  [1m[34mSELECT "articles".* FROM "articles"[0m
  ↳ app/views/articles/index.html.erb:6
  Rendered articles/index.html.erb within layouts/application (Duration: 2.6ms | Allocations: 994)
[Webpacker] Everything's up-to-date. Nothing to do
  Rendered layout layouts/application.html.erb (Duration: 7.6ms | Allocations: 4084)
Completed 200 OK in 11ms (Views: 9.2ms | ActiveRecord: 0.1ms | Allocations: 4602)


Started GET "/articles/2" for 127.0.0.1 at 2022-07-18 14:22:32 -0300
Processing by ArticlesController#show as HTML
  Parameters: {"id"=>"2"}
  [1m[36mArticle Load (0.3ms)[0m  [1m[34mSELECT "articles".* FROM "articles" WHERE "articles"."id" = ? LIMIT ?[0m  [["id", 2], ["LIMIT", 1]]
  ↳ app/controllers/articles_controller.rb:8:in `show'
  Rendering layout layouts/application.html.erb
  Rendering articles/show.html.erb within layouts/application
  Rendered articles/show.html.erb within layouts/application (Duration: 0.2ms | Allocations: 77)
[Webpacker] Everything's up-to-date. Nothing to do
  Rendered layout layouts/application.html.erb (Duration: 3.7ms | Allocations: 3164)
Completed 200 OK in 21ms (Views: 6.8ms | ActiveRecord: 0.3ms | Allocations: 4077)


Started GET "/" for 127.0.0.1 at 2022-07-18 14:22:33 -0300
Processing by ArticlesController#index as HTML
  Rendering layout layouts/application.html.erb
  Rendering articles/index.html.erb within layouts/application
  [1m[36mArticle Load (0.4ms)[0m  [1m[34mSELECT "articles".* FROM "articles"[0m
  ↳ app/views/articles/index.html.erb:6
  Rendered articles/index.html.erb within layouts/application (Duration: 14.4ms | Allocations: 836)
[Webpacker] Everything's up-to-date. Nothing to do
  Rendered layout layouts/application.html.erb (Duration: 19.5ms | Allocations: 3923)
Completed 200 OK in 24ms (Views: 22.7ms | ActiveRecord: 0.4ms | Allocations: 4313)


Started GET "/articles/1" for 127.0.0.1 at 2022-07-18 14:22:38 -0300
Processing by ArticlesController#show as HTML
  Parameters: {"id"=>"1"}
  [1m[36mArticle Load (0.1ms)[0m  [1m[34mSELECT "articles".* FROM "articles" WHERE "articles"."id" = ? LIMIT ?[0m  [["id", 1], ["LIMIT", 1]]
  ↳ app/controllers/articles_controller.rb:8:in `show'
  Rendering layout layouts/application.html.erb
  Rendering articles/show.html.erb within layouts/application
  Rendered articles/show.html.erb within layouts/application (Duration: 0.6ms | Allocations: 75)
[Webpacker] Everything's up-to-date. Nothing to do
  Rendered layout layouts/application.html.erb (Duration: 6.5ms | Allocations: 3175)
Completed 200 OK in 10ms (Views: 7.9ms | ActiveRecord: 0.1ms | Allocations: 4087)


Started GET "/" for 127.0.0.1 at 2022-07-18 14:22:39 -0300
Processing by ArticlesController#index as HTML
  Rendering layout layouts/application.html.erb
  Rendering articles/index.html.erb within layouts/application
  [1m[36mArticle Load (0.1ms)[0m  [1m[34mSELECT "articles".* FROM "articles"[0m
  ↳ app/views/articles/index.html.erb:6
  Rendered articles/index.html.erb within layouts/application (Duration: 1.9ms | Allocations: 836)
[Webpacker] Everything's up-to-date. Nothing to do
  Rendered layout layouts/application.html.erb (Duration: 24.4ms | Allocations: 3923)
Completed 200 OK in 26ms (Views: 24.9ms | ActiveRecord: 0.1ms | Allocations: 4313)


